Exiting due to channel error.
Exiting due to channel error.
Exiting due to channel error.
Exiting due to channel error.
Exiting due to channel error.
polybar|notice:  Parsing config file: /home/jamesa/.config/polybar/config.ini
polybar|notice:  Listening for IPC messages (PID: 15049)
polybar|notice:  Loading module 'sep' of type 'custom/text'
polybar|notice:  Loading module 'launcher' of type 'custom/text'
polybar|notice:  Loading module 'sep' of type 'custom/text'
polybar|notice:  Loading module 'workspaces' of type 'internal/xworkspaces'
polybar|notice:  Loading module 'sep' of type 'custom/text'
polybar|notice:  Loading module 'cpu' of type 'internal/cpu'
polybar|notice:  Loading module 'memory' of type 'internal/memory'
polybar|notice:  Loading module 'alsa' of type 'internal/alsa'
polybar|notice:  Loading module 'battery' of type 'internal/battery'
polybar|notice:  Loading module 'network' of type 'internal/network'
polybar|notice:  Loading module 'date' of type 'internal/date'
polybar|notice:  Loading module 'sep' of type 'custom/text'
polybar|notice:  Loading module 'sysmenu' of type 'custom/text'
polybar|notice:  Loading module 'sep' of type 'custom/text'
polybar|notice:  Loaded 14 modules
polybar|notice:  Loaded font "DejaVuSansM Nerd Font Mono:pixelsize=10" (name=DejaVuSansM Nerd Font Mono, offset=4, file=/nix/store/03dmgb3v4m5yiyhjgsnxsi65iv241km7-nerdfonts-3.2.1/share/fonts/truetype/NerdFonts/DejaVuSansMNerdFontMono-Regular.ttf)
polybar|notice:  Loaded font "DejaVuSansM Nerd Font Mono:pixelsize=13" (name=DejaVuSansM Nerd Font Mono, offset=4, file=/nix/store/03dmgb3v4m5yiyhjgsnxsi65iv241km7-nerdfonts-3.2.1/share/fonts/truetype/NerdFonts/DejaVuSansMNerdFontMono-Regular.ttf)
polybar|warn:  Ignoring unsupported wm-restack option 'i3;'
polybar|notice:  Received signal(15): Terminated
polybar|notice:  Termination signal received, shutting down...
polybar|notice:  Parsing config file: /home/jamesa/.config/polybar/config.ini
polybar|notice:  Listening for IPC messages (PID: 2528)
polybar|notice:  Loading module 'sep' of type 'custom/text'
polybar|notice:  Loading module 'launcher' of type 'custom/text'
polybar|notice:  Loading module 'sep' of type 'custom/text'
polybar|notice:  Loading module 'workspaces' of type 'internal/xworkspaces'
polybar|notice:  Loading module 'sep' of type 'custom/text'
polybar|notice:  Loading module 'cpu' of type 'internal/cpu'
polybar|notice:  Loading module 'memory' of type 'internal/memory'
polybar|notice:  Loading module 'alsa' of type 'internal/alsa'
polybar|notice:  Loading module 'battery' of type 'internal/battery'
polybar|notice:  Loading module 'network' of type 'internal/network'
polybar|notice:  Loading module 'date' of type 'internal/date'
polybar|notice:  Loading module 'sep' of type 'custom/text'
polybar|notice:  Loading module 'sysmenu' of type 'custom/text'
polybar|notice:  Loading module 'sep' of type 'custom/text'
polybar|notice:  Loaded 14 modules
polybar|notice:  Loaded font "DejaVuSansM Nerd Font Mono:pixelsize=10" (name=DejaVuSansM Nerd Font Mono, offset=4, file=/nix/store/03dmgb3v4m5yiyhjgsnxsi65iv241km7-nerdfonts-3.2.1/share/fonts/truetype/NerdFonts/DejaVuSansMNerdFontMono-Regular.ttf)
polybar|notice:  Loaded font "DejaVuSansM Nerd Font Mono:pixelsize=13" (name=DejaVuSansM Nerd Font Mono, offset=4, file=/nix/store/03dmgb3v4m5yiyhjgsnxsi65iv241km7-nerdfonts-3.2.1/share/fonts/truetype/NerdFonts/DejaVuSansMNerdFontMono-Regular.ttf)
polybar|notice:  Received signal(15): Terminated
polybar|notice:  Termination signal received, shutting down...
